<?xml version="1.0" encoding="UTF-8"?>
<!-- Generated by org.testng.reporters.JUnitReportReporter -->
<testsuite hostname="LTIN188780" failures="0" tests="5" name="Main_TestNG.SmokeTesting" time="6.108" errors="0" timestamp="2024-02-28T16:09:35 IST" skipped="0">
  <testcase classname="Main_TestNG.SmokeTesting" name="car_Loan" time="2.291"/>
  <system-out/>
  <testcase classname="Main_TestNG.SmokeTesting" name="home_Loan" time="1.688"/>
  <system-out/>
  <testcase classname="Main_TestNG.SmokeTesting" name="Loan_cal1" time="1.585"/>
  <system-out/>
  <testcase classname="Main_TestNG.SmokeTesting" name="Loan_cal2" time="0.248"/>
  <system-out/>
  <testcase classname="Main_TestNG.SmokeTesting" name="Loan_cal3" time="0.296"/>
  <system-out/>
</testsuite> <!-- Main_TestNG.SmokeTesting -->
