<?xml version="1.0" encoding="UTF-8"?>
<!-- Generated by org.testng.reporters.JUnitReportReporter -->
<testsuite hostname="LTIN188780" failures="0" tests="5" name="Main_TestNG.RegressionTesting" time="3.378" errors="0" timestamp="2024-03-02T13:28:37 IST" skipped="0">
  <testcase classname="Main_TestNG.RegressionTesting" name="Car_Loan" time="0.507"/>
  <system-out/>
  <testcase classname="Main_TestNG.RegressionTesting" name="home_Loan" time="1.340"/>
  <system-out/>
  <testcase classname="Main_TestNG.RegressionTesting" name="Loan_cal1" time="1.083"/>
  <system-out/>
  <testcase classname="Main_TestNG.RegressionTesting" name="Loan_cal2" time="0.230"/>
  <system-out/>
  <testcase classname="Main_TestNG.RegressionTesting" name="Loan_cal3" time="0.218"/>
  <system-out/>
</testsuite> <!-- Main_TestNG.RegressionTesting -->
