<?xml version="1.0" encoding="UTF-8"?>
<!-- Generated by org.testng.reporters.JUnitReportReporter -->
<testsuite hostname="LTIN188780" failures="0" tests="5" name="Main_TestNG.SmokeTesting" time="9.025" errors="0" timestamp="2024-03-01T10:21:13 IST" skipped="0">
  <testcase classname="Main_TestNG.SmokeTesting" name="car_Loan" time="3.210"/>
  <system-out/>
  <testcase classname="Main_TestNG.SmokeTesting" name="home_Loan" time="2.623"/>
  <system-out/>
  <testcase classname="Main_TestNG.SmokeTesting" name="Loan_cal1" time="2.418"/>
  <system-out/>
  <testcase classname="Main_TestNG.SmokeTesting" name="Loan_cal2" time="0.378"/>
  <system-out/>
  <testcase classname="Main_TestNG.SmokeTesting" name="Loan_cal3" time="0.396"/>
  <system-out/>
</testsuite> <!-- Main_TestNG.SmokeTesting -->
