<?xml version="1.0" encoding="UTF-8"?>
<!-- Generated by org.testng.reporters.JUnitReportReporter -->
<testsuite hostname="LTIN188780" failures="0" tests="1" name="Cucumber.Tests.testRunners" time="121.390" errors="0" timestamp="2024-03-05T09:34:57 IST" skipped="0">
  <testcase classname="Cucumber.Tests.testRunners" name="runScenario" time="121.390"/>
  <system-out/>
</testsuite> <!-- Cucumber.Tests.testRunners -->
