<?xml version="1.0" encoding="UTF-8"?>
<!-- Generated by org.testng.reporters.JUnitReportReporter -->
<testsuite hostname="LTIN188780" failures="0" tests="3" name="Cucumber.Tests.testRunners" time="103.593" errors="0" timestamp="2024-02-28T16:16:27 IST" skipped="0">
  <testcase classname="Cucumber.Tests.testRunners" name="runScenario" time="20.874"/>
  <system-out/>
  <testcase classname="Cucumber.Tests.testRunners" name="runScenario" time="4.855"/>
  <system-out/>
  <testcase classname="Cucumber.Tests.testRunners" name="runScenario" time="77.864"/>
  <system-out/>
</testsuite> <!-- Cucumber.Tests.testRunners -->
