<?xml version="1.0" encoding="UTF-8"?>
<!-- Generated by org.testng.reporters.JUnitReportReporter -->
<testsuite hostname="LTIN188780" failures="0" tests="7" name="Main_TestNG.RegressionTesting" time="111.789" errors="0" timestamp="2024-03-01T10:11:55 IST" skipped="0">
  <testcase classname="Main_TestNG.RegressionTesting" name="testLogo" time="3.157"/>
  <system-out/>
  <testcase classname="Main_TestNG.RegressionTesting" name="Car_Loan" time="3.031"/>
  <system-out/>
  <testcase classname="Main_TestNG.RegressionTesting" name="EMI_Calculation" time="2.333"/>
  <system-out/>
  <testcase classname="Main_TestNG.RegressionTesting" name="Home_page" time="19.740"/>
  <system-out/>
  <testcase classname="Main_TestNG.RegressionTesting" name="Calc1" time="30.991"/>
  <system-out/>
  <testcase classname="Main_TestNG.RegressionTesting" name="Calc2" time="23.253"/>
  <system-out/>
  <testcase classname="Main_TestNG.RegressionTesting" name="Calc3" time="29.284"/>
  <system-out/>
</testsuite> <!-- Main_TestNG.RegressionTesting -->
