<?xml version="1.0" encoding="UTF-8"?>
<!-- Generated by org.testng.reporters.JUnitReportReporter -->
<testsuite hostname="LTIN188780" failures="0" tests="5" name="Main_TestNG.SmokeTesting" time="10.109" errors="0" timestamp="2024-03-02T12:55:11 IST" skipped="0">
  <testcase classname="Main_TestNG.SmokeTesting" name="car_Loan" time="5.497"/>
  <system-out/>
  <testcase classname="Main_TestNG.SmokeTesting" name="home_Loan" time="2.141"/>
  <system-out/>
  <testcase classname="Main_TestNG.SmokeTesting" name="Loan_cal1" time="1.649"/>
  <system-out/>
  <testcase classname="Main_TestNG.SmokeTesting" name="Loan_cal2" time="0.542"/>
  <system-out/>
  <testcase classname="Main_TestNG.SmokeTesting" name="Loan_cal3" time="0.280"/>
  <system-out/>
</testsuite> <!-- Main_TestNG.SmokeTesting -->
