<?xml version="1.0" encoding="UTF-8"?>
<!-- Generated by org.testng.reporters.JUnitReportReporter -->
<testsuite hostname="LTIN188780" failures="0" tests="1" name="Cucumber.Tests.testRunnerSmoke" time="19.620" errors="0" timestamp="2024-03-01T09:50:41 IST" skipped="0">
  <testcase classname="Cucumber.Tests.testRunnerSmoke" name="runScenario" time="19.620"/>
  <system-out/>
</testsuite> <!-- Cucumber.Tests.testRunnerSmoke -->
