<?xml version="1.0" encoding="UTF-8"?>
<!-- Generated by org.testng.reporters.JUnitReportReporter -->
<testsuite hostname="LTIN188780" failures="0" tests="3" name="Cucumber_Tests.testRunners" time="104.222" errors="0" timestamp="2024-03-05T17:26:31 IST" skipped="0">
  <testcase classname="Cucumber_Tests.testRunners" name="runScenario" time="23.440"/>
  <system-out/>
  <testcase classname="Cucumber_Tests.testRunners" name="runScenario" time="2.801"/>
  <system-out/>
  <testcase classname="Cucumber_Tests.testRunners" name="runScenario" time="77.981"/>
  <system-out/>
</testsuite> <!-- Cucumber_Tests.testRunners -->
