<?xml version="1.0" encoding="UTF-8"?>
<!-- Generated by org.testng.reporters.JUnitReportReporter -->
<testsuite hostname="LTIN188780" failures="0" tests="3" name="Cucumber.Tests.testRunners" time="118.014" errors="0" timestamp="2024-03-05T12:37:05 IST" skipped="0">
  <testcase classname="Cucumber.Tests.testRunners" name="runScenario" time="27.369"/>
  <system-out/>
  <testcase classname="Cucumber.Tests.testRunners" name="runScenario" time="7.245"/>
  <system-out/>
  <testcase classname="Cucumber.Tests.testRunners" name="runScenario" time="83.400"/>
  <system-out/>
</testsuite> <!-- Cucumber.Tests.testRunners -->
