<?xml version="1.0" encoding="UTF-8"?>
<!-- Generated by org.testng.reporters.JUnitReportReporter -->
<testsuite hostname="LTIN188780" failures="0" tests="12" name="Main_TestNG.TestingMethods" time="107.454" errors="0" timestamp="2024-03-05T09:06:09 IST" skipped="0">
  <testcase classname="Main_TestNG.TestingMethods" name="testLogo" time="0.580"/>
  <system-out/>
  <testcase classname="Main_TestNG.TestingMethods" name="Car_Loan" time="0.234"/>
  <system-out/>
  <testcase classname="Main_TestNG.TestingMethods" name="Car_Loan_Details" time="2.992"/>
  <system-out/>
  <testcase classname="Main_TestNG.TestingMethods" name="EMI_Calculation" time="0.074"/>
  <system-out/>
  <testcase classname="Main_TestNG.TestingMethods" name="home_Loan" time="1.551"/>
  <system-out/>
  <testcase classname="Main_TestNG.TestingMethods" name="Home_page" time="19.945"/>
  <system-out/>
  <testcase classname="Main_TestNG.TestingMethods" name="Loan_cal1" time="1.024"/>
  <system-out/>
  <testcase classname="Main_TestNG.TestingMethods" name="Calc1" time="28.353"/>
  <system-out/>
  <testcase classname="Main_TestNG.TestingMethods" name="Loan_cal2" time="0.194"/>
  <system-out/>
  <testcase classname="Main_TestNG.TestingMethods" name="Calc2" time="23.740"/>
  <system-out/>
  <testcase classname="Main_TestNG.TestingMethods" name="Loan_cal3" time="0.161"/>
  <system-out/>
  <testcase classname="Main_TestNG.TestingMethods" name="Calc3" time="28.606"/>
  <system-out/>
</testsuite> <!-- Main_TestNG.TestingMethods -->
