<?xml version="1.0" encoding="UTF-8"?>
<!-- Generated by org.testng.reporters.JUnitReportReporter -->
<testsuite hostname="LTIN188780" failures="0" tests="7" name="Main_TestNG.RegressionTesting" time="96.921" errors="0" timestamp="2024-02-28T16:08:29 IST" skipped="0">
  <testcase classname="Main_TestNG.RegressionTesting" name="testLogo" time="2.302"/>
  <system-out/>
  <testcase classname="Main_TestNG.RegressionTesting" name="Car_Loan" time="2.267"/>
  <system-out/>
  <testcase classname="Main_TestNG.RegressionTesting" name="EMI_Calculation" time="1.572"/>
  <system-out/>
  <testcase classname="Main_TestNG.RegressionTesting" name="Home_page" time="13.714"/>
  <system-out/>
  <testcase classname="Main_TestNG.RegressionTesting" name="Calc1" time="27.333"/>
  <system-out/>
  <testcase classname="Main_TestNG.RegressionTesting" name="Calc2" time="22.432"/>
  <system-out/>
  <testcase classname="Main_TestNG.RegressionTesting" name="Calc3" time="27.301"/>
  <system-out/>
</testsuite> <!-- Main_TestNG.RegressionTesting -->
