<?xml version="1.0" encoding="UTF-8"?>
<!-- Generated by org.testng.reporters.JUnitReportReporter -->
<testsuite hostname="LTIN188780" failures="0" tests="5" name="Main_TestNG.TestingMethods" time="4.461" errors="0" timestamp="2024-03-05T14:49:27 IST" skipped="0">
  <testcase classname="Main_TestNG.TestingMethods" name="Car_Loan" time="0.290"/>
  <system-out/>
  <testcase classname="Main_TestNG.TestingMethods" name="home_Loan" time="2.559"/>
  <system-out/>
  <testcase classname="Main_TestNG.TestingMethods" name="Loan_cal1" time="1.344"/>
  <system-out/>
  <testcase classname="Main_TestNG.TestingMethods" name="Loan_cal2" time="0.138"/>
  <system-out/>
  <testcase classname="Main_TestNG.TestingMethods" name="Loan_cal3" time="0.130"/>
  <system-out/>
</testsuite> <!-- Main_TestNG.TestingMethods -->
