<?xml version="1.0" encoding="UTF-8"?>
<!-- Generated by org.testng.reporters.JUnitReportReporter -->
<testsuite hostname="LTIN188780" failures="0" tests="5" name="Main_TestNG.TestingMethods" time="3.103" errors="0" timestamp="2024-03-05T17:26:31 IST" skipped="0">
  <testcase classname="Main_TestNG.TestingMethods" name="Car_Loan" time="0.216"/>
  <system-out/>
  <testcase classname="Main_TestNG.TestingMethods" name="home_Loan" time="1.335"/>
  <system-out/>
  <testcase classname="Main_TestNG.TestingMethods" name="Loan_cal1" time="1.302"/>
  <system-out/>
  <testcase classname="Main_TestNG.TestingMethods" name="Loan_cal2" time="0.141"/>
  <system-out/>
  <testcase classname="Main_TestNG.TestingMethods" name="Loan_cal3" time="0.109"/>
  <system-out/>
</testsuite> <!-- Main_TestNG.TestingMethods -->
