<?xml version="1.0" encoding="UTF-8"?>
<!-- Generated by org.testng.reporters.JUnitReportReporter -->
<testsuite hostname="LTIN188780" failures="0" tests="3" name="Cucumber.Tests.testRunners" time="134.819" errors="0" timestamp="2024-03-01T09:54:08 IST" skipped="0">
  <testcase classname="Cucumber.Tests.testRunners" name="runScenario" time="5.882"/>
  <system-out/>
  <testcase classname="Cucumber.Tests.testRunners" name="runScenario" time="106.617"/>
  <system-out/>
  <testcase classname="Cucumber.Tests.testRunners" name="runScenario" time="22.320"/>
  <system-out/>
</testsuite> <!-- Cucumber.Tests.testRunners -->
